<?xml version="1.0" encoding="UTF-8" ?>
<testsuite errors="0" failures="0" hostname="LMC-MAC-R46-3.local" name="esg.saml.attr.service.impl.SAMLAttributeStatementHandlerImplTest" tests="4" time="1.613" timestamp="2010-07-21T09:47:54">
  <properties>
[...]
</properties>
  <testcase classname="esg.saml.attr.service.impl.SAMLAttributeStatementHandlerImplTest" name="testBuildAttributeStatement" time="1.485" />
  <testcase classname="esg.saml.attr.service.impl.SAMLAttributeStatementHandlerImplTest" name="testBuildAttributeStatementWithPartialAttributes" time="0.0050" />
  <testcase classname="esg.saml.attr.service.impl.SAMLAttributeStatementHandlerImplTest" name="testParseAttributeStatement" time="0.0040" />
  <testcase classname="esg.saml.attr.service.impl.SAMLAttributeStatementHandlerImplTest" name="testParseAttributeStatementBADC" time="0.089" />
  <system-out><![CDATA[[INFO] org.opensaml.xml.XMLConfigurator: Preparing to load ObjectProviders
[INFO] org.opensaml.xml.XMLConfigurator: ObjectProviders load complete
[INFO] org.opensaml.xml.XMLConfigurator: Preparing to load ObjectProviders
[INFO] org.opensaml.xml.XMLConfigurator: ObjectProviders load complete
[INFO] org.opensaml.xml.XMLConfigurator: Preparing to load ObjectProviders
[INFO] org.opensaml.xml.XMLConfigurator: ObjectProviders load complete
[INFO] org.opensaml.xml.XMLConfigurator: Preparing to load ValidatorSuites
[INFO] org.opensaml.xml.XMLConfigurator: ValidatorSuites load complete
[INFO] org.opensaml.xml.XMLConfigurator: Preparing to load ObjectProviders
[INFO] org.opensaml.xml.XMLConfigurator: ObjectProviders load complete
[INFO] org.opensaml.xml.XMLConfigurator: Preparing to load ValidatorSuites
[INFO] org.opensaml.xml.XMLConfigurator: ValidatorSuites load complete
[INFO] org.opensaml.xml.XMLConfigurator: Preparing to load ObjectProviders
[INFO] org.opensaml.xml.XMLConfigurator: ObjectProviders load complete
[INFO] org.opensaml.xml.XMLConfigurator: Preparing to load ObjectProviders
[INFO] org.opensaml.xml.XMLConfigurator: ObjectProviders load complete
[INFO] org.opensaml.xml.XMLConfigurator: Preparing to load ObjectProviders
[INFO] org.opensaml.xml.XMLConfigurator: ObjectProviders load complete
[INFO] org.opensaml.xml.XMLConfigurator: Preparing to load ObjectProviders
[INFO] org.opensaml.xml.XMLConfigurator: ObjectProviders load complete
[INFO] org.opensaml.xml.XMLConfigurator: Preparing to load ValidatorSuites
[INFO] org.opensaml.xml.XMLConfigurator: ValidatorSuites load complete
[INFO] org.opensaml.xml.XMLConfigurator: Preparing to load ObjectProviders
[INFO] org.opensaml.xml.XMLConfigurator: ObjectProviders load complete
[INFO] org.opensaml.xml.XMLConfigurator: Preparing to load ObjectProviders
[INFO] org.opensaml.xml.XMLConfigurator: ObjectProviders load complete
[INFO] org.opensaml.xml.XMLConfigurator: Preparing to load ValidatorSuites
[INFO] org.opensaml.xml.XMLConfigurator: ValidatorSuites load complete
[INFO] org.opensaml.xml.XMLConfigurator: Preparing to load ObjectProviders
[INFO] org.opensaml.xml.XMLConfigurator: ObjectProviders load complete
[INFO] org.opensaml.xml.XMLConfigurator: Preparing to load ObjectProviders
[INFO] org.opensaml.xml.XMLConfigurator: ObjectProviders load complete
[INFO] org.opensaml.xml.XMLConfigurator: Preparing to load ValidatorSuites
[INFO] org.opensaml.xml.XMLConfigurator: ValidatorSuites load complete
[INFO] org.opensaml.xml.XMLConfigurator: Preparing to load ObjectProviders
[INFO] org.opensaml.xml.XMLConfigurator: ObjectProviders load complete
[INFO] org.opensaml.xml.XMLConfigurator: Preparing to load ObjectProviders
[INFO] org.opensaml.xml.XMLConfigurator: ObjectProviders load complete
[INFO] org.opensaml.xml.XMLConfigurator: Preparing to load ObjectProviders
[INFO] org.opensaml.xml.XMLConfigurator: ObjectProviders load complete
[INFO] org.opensaml.xml.XMLConfigurator: Preparing to load ObjectProviders
[INFO] org.opensaml.xml.XMLConfigurator: ObjectProviders load complete
[INFO] org.opensaml.xml.XMLConfigurator: Preparing to load ObjectProviders
[INFO] org.opensaml.xml.XMLConfigurator: ObjectProviders load complete
[INFO] org.opensaml.xml.XMLConfigurator: Preparing to load ObjectProviders
[INFO] org.opensaml.xml.XMLConfigurator: ObjectProviders load complete
[INFO] org.opensaml.xml.XMLConfigurator: Preparing to load ObjectProviders
[INFO] org.opensaml.xml.XMLConfigurator: ObjectProviders load complete
[INFO] org.opensaml.xml.XMLConfigurator: Preparing to load ObjectProviders
[INFO] org.opensaml.xml.XMLConfigurator: ObjectProviders load complete
[INFO] esg.saml.common.SAMLBuilder: SAML libraries initialized correctly
[DEBUG] esg.saml.attr.service.impl.SAMLAttributeStatementHandlerImplTest: <?xml version="1.0" encoding="UTF-8"?><saml:Assertion xmlns:saml="urn:oasis:names:tc:SAML:2.0:assertion" Version="2.0">
   <saml:Issuer Format="urn:oasis:names:tc:SAML:1.1:nameid-format:x509SubjectName">Test SAML Issuer</saml:Issuer>
   <saml:Subject>
      <saml:NameID Format="urn:esg:openid">Test Openid</saml:NameID>
   </saml:Subject>
   <saml:AttributeStatement>
      <saml:Attribute FriendlyName="FirstName" Name="urn:esg:first:name" NameFormat="http://www.w3.org/2001/XMLSchema#string">
         <saml:AttributeValue xmlns:xs="http://www.w3.org/2001/XMLSchema" xmlns:xsi="http://www.w3.org/2001/XMLSchema-instance" xsi:type="xs:string">Test First Name</saml:AttributeValue>
      </saml:Attribute>
      <saml:Attribute FriendlyName="LastName" Name="urn:esg:last:name" NameFormat="http://www.w3.org/2001/XMLSchema#string">
         <saml:AttributeValue xmlns:xs="http://www.w3.org/2001/XMLSchema" xmlns:xsi="http://www.w3.org/2001/XMLSchema-instance" xsi:type="xs:string">Test Last Name</saml:AttributeValue>
      </saml:Attribute>
      <saml:Attribute FriendlyName="EmailAddress" Name="urn:esg:email:address" NameFormat="http://www.w3.org/2001/XMLSchema#string">
         <saml:AttributeValue xmlns:xs="http://www.w3.org/2001/XMLSchema" xmlns:xsi="http://www.w3.org/2001/XMLSchema-instance" xsi:type="xs:string">Test Email</saml:AttributeValue>
      </saml:Attribute>
      <saml:Attribute FriendlyName="GroupRole" Name="urn:esg:group:role" NameFormat="groupRole">
         <saml:AttributeValue>
            <esg:groupRole xmlns:esg="http://www.esg.org" group="TestGroup" role="default"/>
         </saml:AttributeValue>
      </saml:Attribute>
   </saml:AttributeStatement>
</saml:Assertion>

[DEBUG] esg.saml.attr.service.impl.SAMLAttributeStatementHandlerImplTest: <?xml version="1.0" encoding="UTF-8"?><saml:Assertion xmlns:saml="urn:oasis:names:tc:SAML:2.0:assertion" Version="2.0">
   <saml:Issuer Format="urn:oasis:names:tc:SAML:1.1:nameid-format:x509SubjectName">Test SAML Issuer</saml:Issuer>
   <saml:Subject>
      <saml:NameID Format="urn:esg:openid">Test Openid</saml:NameID>
   </saml:Subject>
   <saml:AttributeStatement>
      <saml:Attribute FriendlyName="FirstName" Name="urn:esg:first:name" NameFormat="http://www.w3.org/2001/XMLSchema#string">
         <saml:AttributeValue xmlns:xs="http://www.w3.org/2001/XMLSchema" xmlns:xsi="http://www.w3.org/2001/XMLSchema-instance" xsi:type="xs:string">Test First Name</saml:AttributeValue>
      </saml:Attribute>
      <saml:Attribute FriendlyName="LastName" Name="urn:esg:last:name" NameFormat="http://www.w3.org/2001/XMLSchema#string">
         <saml:AttributeValue xmlns:xs="http://www.w3.org/2001/XMLSchema" xmlns:xsi="http://www.w3.org/2001/XMLSchema-instance" xsi:type="xs:string">Test Last Name</saml:AttributeValue>
      </saml:Attribute>
   </saml:AttributeStatement>
</saml:Assertion>

]]></system-out>
  <system-err><![CDATA[]]></system-err>
</testsuite>
