<?xml version="1.0" encoding="UTF-8" ?>
<testsuites>
  <testsuite errors="0" failures="0" hostname="LMC-MAC-R46-3.local" id="0" name="SAMLAttributeQueryRequestBuilderImplTest" package="esg.saml.attr.service.impl" tests="1" time="1.698" timestamp="2010-07-21T23:22:41">
      <properties>
[...]
</properties>

      <testcase classname="esg.saml.attr.service.impl.SAMLAttributeQueryRequestBuilderImplTest" name="testBuildAttributeQueryRequest" time="1.638" />

      <system-out><![CDATA[[INFO] org.opensaml.xml.XMLConfigurator: Preparing to load ObjectProviders
[INFO] org.opensaml.xml.XMLConfigurator: ObjectProviders load complete
[INFO] org.opensaml.xml.XMLConfigurator: Preparing to load ObjectProviders
[INFO] org.opensaml.xml.XMLConfigurator: ObjectProviders load complete
[INFO] org.opensaml.xml.XMLConfigurator: Preparing to load ObjectProviders
[INFO] org.opensaml.xml.XMLConfigurator: ObjectProviders load complete
[INFO] org.opensaml.xml.XMLConfigurator: Preparing to load ValidatorSuites
[INFO] org.opensaml.xml.XMLConfigurator: ValidatorSuites load complete
[INFO] org.opensaml.xml.XMLConfigurator: Preparing to load ObjectProviders
[INFO] org.opensaml.xml.XMLConfigurator: ObjectProviders load complete
[INFO] org.opensaml.xml.XMLConfigurator: Preparing to load ValidatorSuites
[INFO] org.opensaml.xml.XMLConfigurator: ValidatorSuites load complete
[INFO] org.opensaml.xml.XMLConfigurator: Preparing to load ObjectProviders
[INFO] org.opensaml.xml.XMLConfigurator: ObjectProviders load complete
[INFO] org.opensaml.xml.XMLConfigurator: Preparing to load ObjectProviders
[INFO] org.opensaml.xml.XMLConfigurator: ObjectProviders load complete
[INFO] org.opensaml.xml.XMLConfigurator: Preparing to load ObjectProviders
[INFO] org.opensaml.xml.XMLConfigurator: ObjectProviders load complete
[INFO] org.opensaml.xml.XMLConfigurator: Preparing to load ObjectProviders
[INFO] org.opensaml.xml.XMLConfigurator: ObjectProviders load complete
[INFO] org.opensaml.xml.XMLConfigurator: Preparing to load ValidatorSuites
[INFO] org.opensaml.xml.XMLConfigurator: ValidatorSuites load complete
[INFO] org.opensaml.xml.XMLConfigurator: Preparing to load ObjectProviders
[INFO] org.opensaml.xml.XMLConfigurator: ObjectProviders load complete
[INFO] org.opensaml.xml.XMLConfigurator: Preparing to load ObjectProviders
[INFO] org.opensaml.xml.XMLConfigurator: ObjectProviders load complete
[INFO] org.opensaml.xml.XMLConfigurator: Preparing to load ValidatorSuites
[INFO] org.opensaml.xml.XMLConfigurator: ValidatorSuites load complete
[INFO] org.opensaml.xml.XMLConfigurator: Preparing to load ObjectProviders
[INFO] org.opensaml.xml.XMLConfigurator: ObjectProviders load complete
[INFO] org.opensaml.xml.XMLConfigurator: Preparing to load ObjectProviders
[INFO] org.opensaml.xml.XMLConfigurator: ObjectProviders load complete
[INFO] org.opensaml.xml.XMLConfigurator: Preparing to load ValidatorSuites
[INFO] org.opensaml.xml.XMLConfigurator: ValidatorSuites load complete
[INFO] org.opensaml.xml.XMLConfigurator: Preparing to load ObjectProviders
[INFO] org.opensaml.xml.XMLConfigurator: ObjectProviders load complete
[INFO] org.opensaml.xml.XMLConfigurator: Preparing to load ObjectProviders
[INFO] org.opensaml.xml.XMLConfigurator: ObjectProviders load complete
[INFO] org.opensaml.xml.XMLConfigurator: Preparing to load ObjectProviders
[INFO] org.opensaml.xml.XMLConfigurator: ObjectProviders load complete
[INFO] org.opensaml.xml.XMLConfigurator: Preparing to load ObjectProviders
[INFO] org.opensaml.xml.XMLConfigurator: ObjectProviders load complete
[INFO] org.opensaml.xml.XMLConfigurator: Preparing to load ObjectProviders
[INFO] org.opensaml.xml.XMLConfigurator: ObjectProviders load complete
[INFO] org.opensaml.xml.XMLConfigurator: Preparing to load ObjectProviders
[INFO] org.opensaml.xml.XMLConfigurator: ObjectProviders load complete
[INFO] org.opensaml.xml.XMLConfigurator: Preparing to load ObjectProviders
[INFO] org.opensaml.xml.XMLConfigurator: ObjectProviders load complete
[INFO] org.opensaml.xml.XMLConfigurator: Preparing to load ObjectProviders
[INFO] org.opensaml.xml.XMLConfigurator: ObjectProviders load complete
[INFO] esg.saml.common.SAMLBuilder: SAML libraries initialized correctly
[DEBUG] esg.saml.attr.service.impl.SAMLAttributeQueryRequestBuilderImplTest: <?xml version="1.0" encoding="UTF-8"?><samlp:AttributeQuery xmlns:samlp="urn:oasis:names:tc:SAML:2.0:protocol" Version="2.0">
   <saml:Issuer xmlns:saml="urn:oasis:names:tc:SAML:2.0:assertion" Format="urn:oasis:names:tc:SAML:1.1:nameid-format:x509SubjectName">Test SAML Issuer</saml:Issuer>
   <saml:Subject xmlns:saml="urn:oasis:names:tc:SAML:2.0:assertion">
      <saml:NameID Format="urn:esg:openid">Test Openid</saml:NameID>
   </saml:Subject>
   <saml:Attribute xmlns:saml="urn:oasis:names:tc:SAML:2.0:assertion" FriendlyName="FirstName" Name="urn:esg:first:name" NameFormat="http://www.w3.org/2001/XMLSchema#string"/>
   <saml:Attribute xmlns:saml="urn:oasis:names:tc:SAML:2.0:assertion" FriendlyName="LastName" Name="urn:esg:last:name" NameFormat="http://www.w3.org/2001/XMLSchema#string"/>
   <saml:Attribute xmlns:saml="urn:oasis:names:tc:SAML:2.0:assertion" FriendlyName="EmailAddress" Name="urn:esg:email:address" NameFormat="http://www.w3.org/2001/XMLSchema#string"/>
   <saml:Attribute xmlns:saml="urn:oasis:names:tc:SAML:2.0:assertion" FriendlyName="GroupRole" Name="urn:esg:group:role" NameFormat="http://www.w3.org/2001/XMLSchema#string"/>
</samlp:AttributeQuery>

]]></system-out>

      <system-err><![CDATA[]]></system-err>

  </testsuite>
  <testsuite errors="0" failures="0" hostname="LMC-MAC-R46-3.local" id="1" name="SAMLAttributeQueryResponseBuilderImplTest" package="esg.saml.attr.service.impl" tests="3" time="1.817" timestamp="2010-07-21T23:22:44">
      <properties>
[...]
</properties>

      <testcase classname="esg.saml.attr.service.impl.SAMLAttributeQueryResponseBuilderImplTest" name="testBuildAttributeQueryResponseSuccess" time="1.764" />

      <testcase classname="esg.saml.attr.service.impl.SAMLAttributeQueryResponseBuilderImplTest" name="testBuildAttributeQueryPartialResponse" time="0.012" />

      <testcase classname="esg.saml.attr.service.impl.SAMLAttributeQueryResponseBuilderImplTest" name="testBuildAttributeQueryResponseFailure" time="0.0060" />

      <system-out><![CDATA[[INFO] org.opensaml.xml.XMLConfigurator: Preparing to load ObjectProviders
[INFO] org.opensaml.xml.XMLConfigurator: ObjectProviders load complete
[INFO] org.opensaml.xml.XMLConfigurator: Preparing to load ObjectProviders
[INFO] org.opensaml.xml.XMLConfigurator: ObjectProviders load complete
[INFO] org.opensaml.xml.XMLConfigurator: Preparing to load ObjectProviders
[INFO] org.opensaml.xml.XMLConfigurator: ObjectProviders load complete
[INFO] org.opensaml.xml.XMLConfigurator: Preparing to load ValidatorSuites
[INFO] org.opensaml.xml.XMLConfigurator: ValidatorSuites load complete
[INFO] org.opensaml.xml.XMLConfigurator: Preparing to load ObjectProviders
[INFO] org.opensaml.xml.XMLConfigurator: ObjectProviders load complete
[INFO] org.opensaml.xml.XMLConfigurator: Preparing to load ValidatorSuites
[INFO] org.opensaml.xml.XMLConfigurator: ValidatorSuites load complete
[INFO] org.opensaml.xml.XMLConfigurator: Preparing to load ObjectProviders
[INFO] org.opensaml.xml.XMLConfigurator: ObjectProviders load complete
[INFO] org.opensaml.xml.XMLConfigurator: Preparing to load ObjectProviders
[INFO] org.opensaml.xml.XMLConfigurator: ObjectProviders load complete
[INFO] org.opensaml.xml.XMLConfigurator: Preparing to load ObjectProviders
[INFO] org.opensaml.xml.XMLConfigurator: ObjectProviders load complete
[INFO] org.opensaml.xml.XMLConfigurator: Preparing to load ObjectProviders
[INFO] org.opensaml.xml.XMLConfigurator: ObjectProviders load complete
[INFO] org.opensaml.xml.XMLConfigurator: Preparing to load ValidatorSuites
[INFO] org.opensaml.xml.XMLConfigurator: ValidatorSuites load complete
[INFO] org.opensaml.xml.XMLConfigurator: Preparing to load ObjectProviders
[INFO] org.opensaml.xml.XMLConfigurator: ObjectProviders load complete
[INFO] org.opensaml.xml.XMLConfigurator: Preparing to load ObjectProviders
[INFO] org.opensaml.xml.XMLConfigurator: ObjectProviders load complete
[INFO] org.opensaml.xml.XMLConfigurator: Preparing to load ValidatorSuites
[INFO] org.opensaml.xml.XMLConfigurator: ValidatorSuites load complete
[INFO] org.opensaml.xml.XMLConfigurator: Preparing to load ObjectProviders
[INFO] org.opensaml.xml.XMLConfigurator: ObjectProviders load complete
[INFO] org.opensaml.xml.XMLConfigurator: Preparing to load ObjectProviders
[INFO] org.opensaml.xml.XMLConfigurator: ObjectProviders load complete
[INFO] org.opensaml.xml.XMLConfigurator: Preparing to load ValidatorSuites
[INFO] org.opensaml.xml.XMLConfigurator: ValidatorSuites load complete
[INFO] org.opensaml.xml.XMLConfigurator: Preparing to load ObjectProviders
[INFO] org.opensaml.xml.XMLConfigurator: ObjectProviders load complete
[INFO] org.opensaml.xml.XMLConfigurator: Preparing to load ObjectProviders
[INFO] org.opensaml.xml.XMLConfigurator: ObjectProviders load complete
[INFO] org.opensaml.xml.XMLConfigurator: Preparing to load ObjectProviders
[INFO] org.opensaml.xml.XMLConfigurator: ObjectProviders load complete
[INFO] org.opensaml.xml.XMLConfigurator: Preparing to load ObjectProviders
[INFO] org.opensaml.xml.XMLConfigurator: ObjectProviders load complete
[INFO] org.opensaml.xml.XMLConfigurator: Preparing to load ObjectProviders
[INFO] org.opensaml.xml.XMLConfigurator: ObjectProviders load complete
[INFO] org.opensaml.xml.XMLConfigurator: Preparing to load ObjectProviders
[INFO] org.opensaml.xml.XMLConfigurator: ObjectProviders load complete
[INFO] org.opensaml.xml.XMLConfigurator: Preparing to load ObjectProviders
[INFO] org.opensaml.xml.XMLConfigurator: ObjectProviders load complete
[INFO] org.opensaml.xml.XMLConfigurator: Preparing to load ObjectProviders
[INFO] org.opensaml.xml.XMLConfigurator: ObjectProviders load complete
[INFO] esg.saml.common.SAMLBuilder: SAML libraries initialized correctly
[DEBUG] esg.saml.attr.service.impl.SAMLAttributeQueryResponseBuilderImplTest: <?xml version="1.0" encoding="UTF-8"?><samlp:Response xmlns:samlp="urn:oasis:names:tc:SAML:2.0:protocol" InResponseTo="9566201b-63ad-4f14-b6c0-6cf6b35a90e0" Version="2.0">
   <saml:Issuer xmlns:saml="urn:oasis:names:tc:SAML:2.0:assertion" Format="urn:oasis:names:tc:SAML:1.1:nameid-format:x509SubjectName">Test SAML Issuer</saml:Issuer>
   <samlp:Status>
      <samlp:StatusCode Value="urn:oasis:names:tc:SAML:2.0:status:Success"/>
   </samlp:Status>
   <saml:Assertion xmlns:saml="urn:oasis:names:tc:SAML:2.0:assertion" Version="2.0">
      <saml:Issuer Format="urn:oasis:names:tc:SAML:1.1:nameid-format:x509SubjectName">Test SAML Issuer</saml:Issuer>
      <saml:Subject>
         <saml:NameID Format="urn:esg:openid">Test Openid</saml:NameID>
      </saml:Subject>
      <saml:AttributeStatement>
         <saml:Attribute FriendlyName="FirstName" Name="urn:esg:first:name" NameFormat="http://www.w3.org/2001/XMLSchema#string">
            <saml:AttributeValue xmlns:xs="http://www.w3.org/2001/XMLSchema" xmlns:xsi="http://www.w3.org/2001/XMLSchema-instance" xsi:type="xs:string">Test First Name</saml:AttributeValue>
         </saml:Attribute>
         <saml:Attribute FriendlyName="LastName" Name="urn:esg:last:name" NameFormat="http://www.w3.org/2001/XMLSchema#string">
            <saml:AttributeValue xmlns:xs="http://www.w3.org/2001/XMLSchema" xmlns:xsi="http://www.w3.org/2001/XMLSchema-instance" xsi:type="xs:string">Test Last Name</saml:AttributeValue>
         </saml:Attribute>
         <saml:Attribute FriendlyName="EmailAddress" Name="urn:esg:email:address" NameFormat="http://www.w3.org/2001/XMLSchema#string">
            <saml:AttributeValue xmlns:xs="http://www.w3.org/2001/XMLSchema" xmlns:xsi="http://www.w3.org/2001/XMLSchema-instance" xsi:type="xs:string">Test Email</saml:AttributeValue>
         </saml:Attribute>
         <saml:Attribute FriendlyName="GroupRole" Name="urn:esg:group:role" NameFormat="groupRole">
            <saml:AttributeValue>
               <esg:groupRole xmlns:esg="http://www.esg.org" group="TestGroup" role="default"/>
            </saml:AttributeValue>
         </saml:Attribute>
      </saml:AttributeStatement>
   </saml:Assertion>
</samlp:Response>

[DEBUG] esg.saml.attr.service.impl.SAMLAttributeQueryResponseBuilderImplTest: <?xml version="1.0" encoding="UTF-8"?><samlp:Response xmlns:samlp="urn:oasis:names:tc:SAML:2.0:protocol" InResponseTo="9566201b-63ad-4f14-b6c0-6cf6b35a90e0" Version="2.0">
   <saml:Issuer xmlns:saml="urn:oasis:names:tc:SAML:2.0:assertion" Format="urn:oasis:names:tc:SAML:1.1:nameid-format:x509SubjectName">Test SAML Issuer</saml:Issuer>
   <samlp:Status>
      <samlp:StatusCode Value="urn:oasis:names:tc:SAML:2.0:status:Success"/>
   </samlp:Status>
   <saml:Assertion xmlns:saml="urn:oasis:names:tc:SAML:2.0:assertion" Version="2.0">
      <saml:Issuer Format="urn:oasis:names:tc:SAML:1.1:nameid-format:x509SubjectName">Test SAML Issuer</saml:Issuer>
      <saml:Subject>
         <saml:NameID Format="urn:esg:openid">Test Openid</saml:NameID>
      </saml:Subject>
      <saml:AttributeStatement>
         <saml:Attribute FriendlyName="EmailAddress" Name="urn:esg:email:address" NameFormat="http://www.w3.org/2001/XMLSchema#string">
            <saml:AttributeValue xmlns:xs="http://www.w3.org/2001/XMLSchema" xmlns:xsi="http://www.w3.org/2001/XMLSchema-instance" xsi:type="xs:string">Test Email</saml:AttributeValue>
         </saml:Attribute>
         <saml:Attribute FriendlyName="GroupRole" Name="urn:esg:group:role" NameFormat="groupRole">
            <saml:AttributeValue>
               <esg:groupRole xmlns:esg="http://www.esg.org" group="TestGroup" role="default"/>
            </saml:AttributeValue>
         </saml:Attribute>
      </saml:AttributeStatement>
   </saml:Assertion>
</samlp:Response>

[DEBUG] esg.saml.attr.service.impl.SAMLAttributeQueryResponseBuilderImplTest: <?xml version="1.0" encoding="UTF-8"?><samlp:Response xmlns:samlp="urn:oasis:names:tc:SAML:2.0:protocol" InResponseTo="9566201b-63ad-4f14-b6c0-6cf6b35a90e0" Version="2.0">
   <saml:Issuer xmlns:saml="urn:oasis:names:tc:SAML:2.0:assertion" Format="urn:oasis:names:tc:SAML:1.1:nameid-format:x509SubjectName">Test SAML Issuer</saml:Issuer>
   <samlp:Status>
      <samlp:StatusCode Value="urn:oasis:names:tc:SAML:2.0:status:UnknownPrincipal"/>
   </samlp:Status>
</samlp:Response>

]]></system-out>

      <system-err><![CDATA[]]></system-err>

  </testsuite>
  <testsuite errors="0" failures="0" hostname="LMC-MAC-R46-3.local" id="2" name="SAMLAttributeServiceSoapImplTest" package="esg.saml.attr.service.impl" tests="1" time="2.209" timestamp="2010-07-21T23:22:47">
      <properties>
[...]
</properties>

      <testcase classname="esg.saml.attr.service.impl.SAMLAttributeServiceSoapImplTest" name="testProcessAttributeQuery" time="2.058" />

      <system-out><![CDATA[[INFO] org.opensaml.xml.XMLConfigurator: Preparing to load ObjectProviders
[INFO] org.opensaml.xml.XMLConfigurator: ObjectProviders load complete
[INFO] org.opensaml.xml.XMLConfigurator: Preparing to load ObjectProviders
[INFO] org.opensaml.xml.XMLConfigurator: ObjectProviders load complete
[INFO] org.opensaml.xml.XMLConfigurator: Preparing to load ObjectProviders
[INFO] org.opensaml.xml.XMLConfigurator: ObjectProviders load complete
[INFO] org.opensaml.xml.XMLConfigurator: Preparing to load ValidatorSuites
[INFO] org.opensaml.xml.XMLConfigurator: ValidatorSuites load complete
[INFO] org.opensaml.xml.XMLConfigurator: Preparing to load ObjectProviders
[INFO] org.opensaml.xml.XMLConfigurator: ObjectProviders load complete
[INFO] org.opensaml.xml.XMLConfigurator: Preparing to load ValidatorSuites
[INFO] org.opensaml.xml.XMLConfigurator: ValidatorSuites load complete
[INFO] org.opensaml.xml.XMLConfigurator: Preparing to load ObjectProviders
[INFO] org.opensaml.xml.XMLConfigurator: ObjectProviders load complete
[INFO] org.opensaml.xml.XMLConfigurator: Preparing to load ObjectProviders
[INFO] org.opensaml.xml.XMLConfigurator: ObjectProviders load complete
[INFO] org.opensaml.xml.XMLConfigurator: Preparing to load ObjectProviders
[INFO] org.opensaml.xml.XMLConfigurator: ObjectProviders load complete
[INFO] org.opensaml.xml.XMLConfigurator: Preparing to load ObjectProviders
[INFO] org.opensaml.xml.XMLConfigurator: ObjectProviders load complete
[INFO] org.opensaml.xml.XMLConfigurator: Preparing to load ValidatorSuites
[INFO] org.opensaml.xml.XMLConfigurator: ValidatorSuites load complete
[INFO] org.opensaml.xml.XMLConfigurator: Preparing to load ObjectProviders
[INFO] org.opensaml.xml.XMLConfigurator: ObjectProviders load complete
[INFO] org.opensaml.xml.XMLConfigurator: Preparing to load ObjectProviders
[INFO] org.opensaml.xml.XMLConfigurator: ObjectProviders load complete
[INFO] org.opensaml.xml.XMLConfigurator: Preparing to load ValidatorSuites
[INFO] org.opensaml.xml.XMLConfigurator: ValidatorSuites load complete
[INFO] org.opensaml.xml.XMLConfigurator: Preparing to load ObjectProviders
[INFO] org.opensaml.xml.XMLConfigurator: ObjectProviders load complete
[INFO] org.opensaml.xml.XMLConfigurator: Preparing to load ObjectProviders
[INFO] org.opensaml.xml.XMLConfigurator: ObjectProviders load complete
[INFO] org.opensaml.xml.XMLConfigurator: Preparing to load ValidatorSuites
[INFO] org.opensaml.xml.XMLConfigurator: ValidatorSuites load complete
[INFO] org.opensaml.xml.XMLConfigurator: Preparing to load ObjectProviders
[INFO] org.opensaml.xml.XMLConfigurator: ObjectProviders load complete
[INFO] org.opensaml.xml.XMLConfigurator: Preparing to load ObjectProviders
[INFO] org.opensaml.xml.XMLConfigurator: ObjectProviders load complete
[INFO] org.opensaml.xml.XMLConfigurator: Preparing to load ObjectProviders
[INFO] org.opensaml.xml.XMLConfigurator: ObjectProviders load complete
[INFO] org.opensaml.xml.XMLConfigurator: Preparing to load ObjectProviders
[INFO] org.opensaml.xml.XMLConfigurator: ObjectProviders load complete
[INFO] org.opensaml.xml.XMLConfigurator: Preparing to load ObjectProviders
[INFO] org.opensaml.xml.XMLConfigurator: ObjectProviders load complete
[INFO] org.opensaml.xml.XMLConfigurator: Preparing to load ObjectProviders
[INFO] org.opensaml.xml.XMLConfigurator: ObjectProviders load complete
[INFO] org.opensaml.xml.XMLConfigurator: Preparing to load ObjectProviders
[INFO] org.opensaml.xml.XMLConfigurator: ObjectProviders load complete
[INFO] org.opensaml.xml.XMLConfigurator: Preparing to load ObjectProviders
[INFO] org.opensaml.xml.XMLConfigurator: ObjectProviders load complete
[INFO] esg.saml.common.SAMLBuilder: SAML libraries initialized correctly
[DEBUG] esg.saml.attr.service.impl.SAMLAttributeServiceSoapImpl: SOAP request:
<?xml version="1.0" encoding="UTF-8"?><soap11:Envelope xmlns:soap11="http://schemas.xmlsoap.org/soap/envelope/">
	<soap11:Body>
		<samlp:AttributeQuery xmlns:samlp="urn:oasis:names:tc:SAML:2.0:protocol" ID="9566201b-63ad-4f14-b6c0-6cf6b35a90e0" IssueInstant="2009-07-28T23:07:00.081Z" Version="2.0">
			<saml:Issuer xmlns:saml="urn:oasis:names:tc:SAML:2.0:assertion" Format="urn:oasis:names:tc:SAML:1.1:nameid-format:x509SubjectName">CN=test.gateway.com, OU=Services, DC=doegrids, DC=org</saml:Issuer>
			<saml:Subject xmlns:saml="urn:oasis:names:tc:SAML:2.0:assertion">
				<saml:NameID Format="urn:esg:openid">Test Openid</saml:NameID>
			</saml:Subject>
			<saml:Attribute xmlns:saml="urn:oasis:names:tc:SAML:2.0:assertion" FriendlyName="FirstName" Name="urn:esg:first:name" NameFormat="http://www.w3.org/2001/XMLSchema#string"/>
            <saml:Attribute xmlns:saml="urn:oasis:names:tc:SAML:2.0:assertion" FriendlyName="LastName" Name="urn:esg:last:name" NameFormat="http://www.w3.org/2001/XMLSchema#string"/>
            <saml:Attribute xmlns:saml="urn:oasis:names:tc:SAML:2.0:assertion" FriendlyName="EmailAddress" Name="urn:esg:email:address" NameFormat="http://www.w3.org/2001/XMLSchema#string"/>
            <saml:Attribute xmlns:saml="urn:oasis:names:tc:SAML:2.0:assertion" FriendlyName="GroupRole" Name="urn:esg:group:role" NameFormat="http://www.w3.org/2001/XMLSchema#string"/>
		</samlp:AttributeQuery>
	</soap11:Body>
</soap11:Envelope>

[DEBUG] esg.saml.attr.service.impl.SAMLAttributeServiceSoapImpl: SOAP response:
<?xml version="1.0" encoding="UTF-8"?><soap11:Envelope xmlns:soap11="http://schemas.xmlsoap.org/soap/envelope/">
   <soap11:Body>
      <samlp:Response xmlns:samlp="urn:oasis:names:tc:SAML:2.0:protocol" InResponseTo="9566201b-63ad-4f14-b6c0-6cf6b35a90e0" Version="2.0">
         <saml:Issuer xmlns:saml="urn:oasis:names:tc:SAML:2.0:assertion" Format="urn:oasis:names:tc:SAML:1.1:nameid-format:x509SubjectName">Test SAML Issuer</saml:Issuer>
         <samlp:Status>
            <samlp:StatusCode Value="urn:oasis:names:tc:SAML:2.0:status:Success"/>
         </samlp:Status>
         <saml:Assertion xmlns:saml="urn:oasis:names:tc:SAML:2.0:assertion" Version="2.0">
            <saml:Issuer Format="urn:oasis:names:tc:SAML:1.1:nameid-format:x509SubjectName">Test SAML Issuer</saml:Issuer>
            <saml:Subject>
               <saml:NameID Format="urn:esg:openid">Test Openid</saml:NameID>
            </saml:Subject>
            <saml:AttributeStatement>
               <saml:Attribute FriendlyName="FirstName" Name="urn:esg:first:name" NameFormat="http://www.w3.org/2001/XMLSchema#string">
                  <saml:AttributeValue xmlns:xs="http://www.w3.org/2001/XMLSchema" xmlns:xsi="http://www.w3.org/2001/XMLSchema-instance" xsi:type="xs:string">Test First Name</saml:AttributeValue>
               </saml:Attribute>
               <saml:Attribute FriendlyName="LastName" Name="urn:esg:last:name" NameFormat="http://www.w3.org/2001/XMLSchema#string">
                  <saml:AttributeValue xmlns:xs="http://www.w3.org/2001/XMLSchema" xmlns:xsi="http://www.w3.org/2001/XMLSchema-instance" xsi:type="xs:string">Test Last Name</saml:AttributeValue>
               </saml:Attribute>
               <saml:Attribute FriendlyName="EmailAddress" Name="urn:esg:email:address" NameFormat="http://www.w3.org/2001/XMLSchema#string">
                  <saml:AttributeValue xmlns:xs="http://www.w3.org/2001/XMLSchema" xmlns:xsi="http://www.w3.org/2001/XMLSchema-instance" xsi:type="xs:string">Test Email</saml:AttributeValue>
               </saml:Attribute>
               <saml:Attribute FriendlyName="GroupRole" Name="urn:esg:group:role" NameFormat="groupRole">
                  <saml:AttributeValue>
                     <esg:groupRole xmlns:esg="http://www.esg.org" group="TestGroup" role="default"/>
                  </saml:AttributeValue>
               </saml:Attribute>
            </saml:AttributeStatement>
         </saml:Assertion>
      </samlp:Response>
   </soap11:Body>
</soap11:Envelope>

]]></system-out>

      <system-err><![CDATA[]]></system-err>

  </testsuite>
  <testsuite errors="0" failures="0" hostname="LMC-MAC-R46-3.local" id="3" name="SAMLAttributeStatementHandlerImplTest" package="esg.saml.attr.service.impl" tests="4" time="2.167" timestamp="2010-07-21T23:22:50">
      <properties>
[...]
</properties>

      <testcase classname="esg.saml.attr.service.impl.SAMLAttributeStatementHandlerImplTest" name="testBuildAttributeStatement" time="1.971" />

      <testcase classname="esg.saml.attr.service.impl.SAMLAttributeStatementHandlerImplTest" name="testBuildAttributeStatementWithPartialAttributes" time="0.0080" />

      <testcase classname="esg.saml.attr.service.impl.SAMLAttributeStatementHandlerImplTest" name="testParseAttributeStatement" time="0.0050" />

      <testcase classname="esg.saml.attr.service.impl.SAMLAttributeStatementHandlerImplTest" name="testParseAttributeStatementBADC" time="0.108" />

      <system-out><![CDATA[[INFO] org.opensaml.xml.XMLConfigurator: Preparing to load ObjectProviders
[INFO] org.opensaml.xml.XMLConfigurator: ObjectProviders load complete
[INFO] org.opensaml.xml.XMLConfigurator: Preparing to load ObjectProviders
[INFO] org.opensaml.xml.XMLConfigurator: ObjectProviders load complete
[INFO] org.opensaml.xml.XMLConfigurator: Preparing to load ObjectProviders
[INFO] org.opensaml.xml.XMLConfigurator: ObjectProviders load complete
[INFO] org.opensaml.xml.XMLConfigurator: Preparing to load ValidatorSuites
[INFO] org.opensaml.xml.XMLConfigurator: ValidatorSuites load complete
[INFO] org.opensaml.xml.XMLConfigurator: Preparing to load ObjectProviders
[INFO] org.opensaml.xml.XMLConfigurator: ObjectProviders load complete
[INFO] org.opensaml.xml.XMLConfigurator: Preparing to load ValidatorSuites
[INFO] org.opensaml.xml.XMLConfigurator: ValidatorSuites load complete
[INFO] org.opensaml.xml.XMLConfigurator: Preparing to load ObjectProviders
[INFO] org.opensaml.xml.XMLConfigurator: ObjectProviders load complete
[INFO] org.opensaml.xml.XMLConfigurator: Preparing to load ObjectProviders
[INFO] org.opensaml.xml.XMLConfigurator: ObjectProviders load complete
[INFO] org.opensaml.xml.XMLConfigurator: Preparing to load ObjectProviders
[INFO] org.opensaml.xml.XMLConfigurator: ObjectProviders load complete
[INFO] org.opensaml.xml.XMLConfigurator: Preparing to load ObjectProviders
[INFO] org.opensaml.xml.XMLConfigurator: ObjectProviders load complete
[INFO] org.opensaml.xml.XMLConfigurator: Preparing to load ValidatorSuites
[INFO] org.opensaml.xml.XMLConfigurator: ValidatorSuites load complete
[INFO] org.opensaml.xml.XMLConfigurator: Preparing to load ObjectProviders
[INFO] org.opensaml.xml.XMLConfigurator: ObjectProviders load complete
[INFO] org.opensaml.xml.XMLConfigurator: Preparing to load ObjectProviders
[INFO] org.opensaml.xml.XMLConfigurator: ObjectProviders load complete
[INFO] org.opensaml.xml.XMLConfigurator: Preparing to load ValidatorSuites
[INFO] org.opensaml.xml.XMLConfigurator: ValidatorSuites load complete
[INFO] org.opensaml.xml.XMLConfigurator: Preparing to load ObjectProviders
[INFO] org.opensaml.xml.XMLConfigurator: ObjectProviders load complete
[INFO] org.opensaml.xml.XMLConfigurator: Preparing to load ObjectProviders
[INFO] org.opensaml.xml.XMLConfigurator: ObjectProviders load complete
[INFO] org.opensaml.xml.XMLConfigurator: Preparing to load ValidatorSuites
[INFO] org.opensaml.xml.XMLConfigurator: ValidatorSuites load complete
[INFO] org.opensaml.xml.XMLConfigurator: Preparing to load ObjectProviders
[INFO] org.opensaml.xml.XMLConfigurator: ObjectProviders load complete
[INFO] org.opensaml.xml.XMLConfigurator: Preparing to load ObjectProviders
[INFO] org.opensaml.xml.XMLConfigurator: ObjectProviders load complete
[INFO] org.opensaml.xml.XMLConfigurator: Preparing to load ObjectProviders
[INFO] org.opensaml.xml.XMLConfigurator: ObjectProviders load complete
[INFO] org.opensaml.xml.XMLConfigurator: Preparing to load ObjectProviders
[INFO] org.opensaml.xml.XMLConfigurator: ObjectProviders load complete
[INFO] org.opensaml.xml.XMLConfigurator: Preparing to load ObjectProviders
[INFO] org.opensaml.xml.XMLConfigurator: ObjectProviders load complete
[INFO] org.opensaml.xml.XMLConfigurator: Preparing to load ObjectProviders
[INFO] org.opensaml.xml.XMLConfigurator: ObjectProviders load complete
[INFO] org.opensaml.xml.XMLConfigurator: Preparing to load ObjectProviders
[INFO] org.opensaml.xml.XMLConfigurator: ObjectProviders load complete
[INFO] org.opensaml.xml.XMLConfigurator: Preparing to load ObjectProviders
[INFO] org.opensaml.xml.XMLConfigurator: ObjectProviders load complete
[INFO] esg.saml.common.SAMLBuilder: SAML libraries initialized correctly
[DEBUG] esg.saml.attr.service.impl.SAMLAttributeStatementHandlerImplTest: <?xml version="1.0" encoding="UTF-8"?><saml:Assertion xmlns:saml="urn:oasis:names:tc:SAML:2.0:assertion" Version="2.0">
   <saml:Issuer Format="urn:oasis:names:tc:SAML:1.1:nameid-format:x509SubjectName">Test SAML Issuer</saml:Issuer>
   <saml:Subject>
      <saml:NameID Format="urn:esg:openid">Test Openid</saml:NameID>
   </saml:Subject>
   <saml:AttributeStatement>
      <saml:Attribute FriendlyName="FirstName" Name="urn:esg:first:name" NameFormat="http://www.w3.org/2001/XMLSchema#string">
         <saml:AttributeValue xmlns:xs="http://www.w3.org/2001/XMLSchema" xmlns:xsi="http://www.w3.org/2001/XMLSchema-instance" xsi:type="xs:string">Test First Name</saml:AttributeValue>
      </saml:Attribute>
      <saml:Attribute FriendlyName="LastName" Name="urn:esg:last:name" NameFormat="http://www.w3.org/2001/XMLSchema#string">
         <saml:AttributeValue xmlns:xs="http://www.w3.org/2001/XMLSchema" xmlns:xsi="http://www.w3.org/2001/XMLSchema-instance" xsi:type="xs:string">Test Last Name</saml:AttributeValue>
      </saml:Attribute>
      <saml:Attribute FriendlyName="EmailAddress" Name="urn:esg:email:address" NameFormat="http://www.w3.org/2001/XMLSchema#string">
         <saml:AttributeValue xmlns:xs="http://www.w3.org/2001/XMLSchema" xmlns:xsi="http://www.w3.org/2001/XMLSchema-instance" xsi:type="xs:string">Test Email</saml:AttributeValue>
      </saml:Attribute>
      <saml:Attribute FriendlyName="GroupRole" Name="urn:esg:group:role" NameFormat="groupRole">
         <saml:AttributeValue>
            <esg:groupRole xmlns:esg="http://www.esg.org" group="TestGroup" role="default"/>
         </saml:AttributeValue>
      </saml:Attribute>
   </saml:AttributeStatement>
</saml:Assertion>

[DEBUG] esg.saml.attr.service.impl.SAMLAttributeStatementHandlerImplTest: <?xml version="1.0" encoding="UTF-8"?><saml:Assertion xmlns:saml="urn:oasis:names:tc:SAML:2.0:assertion" Version="2.0">
   <saml:Issuer Format="urn:oasis:names:tc:SAML:1.1:nameid-format:x509SubjectName">Test SAML Issuer</saml:Issuer>
   <saml:Subject>
      <saml:NameID Format="urn:esg:openid">Test Openid</saml:NameID>
   </saml:Subject>
   <saml:AttributeStatement>
      <saml:Attribute FriendlyName="FirstName" Name="urn:esg:first:name" NameFormat="http://www.w3.org/2001/XMLSchema#string">
         <saml:AttributeValue xmlns:xs="http://www.w3.org/2001/XMLSchema" xmlns:xsi="http://www.w3.org/2001/XMLSchema-instance" xsi:type="xs:string">Test First Name</saml:AttributeValue>
      </saml:Attribute>
      <saml:Attribute FriendlyName="LastName" Name="urn:esg:last:name" NameFormat="http://www.w3.org/2001/XMLSchema#string">
         <saml:AttributeValue xmlns:xs="http://www.w3.org/2001/XMLSchema" xmlns:xsi="http://www.w3.org/2001/XMLSchema-instance" xsi:type="xs:string">Test Last Name</saml:AttributeValue>
      </saml:Attribute>
   </saml:AttributeStatement>
</saml:Assertion>

]]></system-out>

      <system-err><![CDATA[]]></system-err>

  </testsuite>
  <testsuite errors="0" failures="0" hostname="LMC-MAC-R46-3.local" id="4" name="SAMLAuthenticationStatementHandlerImplTest" package="esg.saml.auth.service.impl" tests="2" time="1.554" timestamp="2010-07-21T23:22:53">
      <properties>
[...]
</properties>

      <testcase classname="esg.saml.auth.service.impl.SAMLAuthenticationStatementHandlerImplTest" name="testBuildAuthenticationStatement" time="1.483" />

      <testcase classname="esg.saml.auth.service.impl.SAMLAuthenticationStatementHandlerImplTest" name="testParseAuthenticationStatement" time="0.011" />

      <system-out><![CDATA[[INFO] org.opensaml.xml.XMLConfigurator: Preparing to load ObjectProviders
[INFO] org.opensaml.xml.XMLConfigurator: ObjectProviders load complete
[INFO] org.opensaml.xml.XMLConfigurator: Preparing to load ObjectProviders
[INFO] org.opensaml.xml.XMLConfigurator: ObjectProviders load complete
[INFO] org.opensaml.xml.XMLConfigurator: Preparing to load ObjectProviders
[INFO] org.opensaml.xml.XMLConfigurator: ObjectProviders load complete
[INFO] org.opensaml.xml.XMLConfigurator: Preparing to load ValidatorSuites
[INFO] org.opensaml.xml.XMLConfigurator: ValidatorSuites load complete
[INFO] org.opensaml.xml.XMLConfigurator: Preparing to load ObjectProviders
[INFO] org.opensaml.xml.XMLConfigurator: ObjectProviders load complete
[INFO] org.opensaml.xml.XMLConfigurator: Preparing to load ValidatorSuites
[INFO] org.opensaml.xml.XMLConfigurator: ValidatorSuites load complete
[INFO] org.opensaml.xml.XMLConfigurator: Preparing to load ObjectProviders
[INFO] org.opensaml.xml.XMLConfigurator: ObjectProviders load complete
[INFO] org.opensaml.xml.XMLConfigurator: Preparing to load ObjectProviders
[INFO] org.opensaml.xml.XMLConfigurator: ObjectProviders load complete
[INFO] org.opensaml.xml.XMLConfigurator: Preparing to load ObjectProviders
[INFO] org.opensaml.xml.XMLConfigurator: ObjectProviders load complete
[INFO] org.opensaml.xml.XMLConfigurator: Preparing to load ObjectProviders
[INFO] org.opensaml.xml.XMLConfigurator: ObjectProviders load complete
[INFO] org.opensaml.xml.XMLConfigurator: Preparing to load ValidatorSuites
[INFO] org.opensaml.xml.XMLConfigurator: ValidatorSuites load complete
[INFO] org.opensaml.xml.XMLConfigurator: Preparing to load ObjectProviders
[INFO] org.opensaml.xml.XMLConfigurator: ObjectProviders load complete
[INFO] org.opensaml.xml.XMLConfigurator: Preparing to load ObjectProviders
[INFO] org.opensaml.xml.XMLConfigurator: ObjectProviders load complete
[INFO] org.opensaml.xml.XMLConfigurator: Preparing to load ValidatorSuites
[INFO] org.opensaml.xml.XMLConfigurator: ValidatorSuites load complete
[INFO] org.opensaml.xml.XMLConfigurator: Preparing to load ObjectProviders
[INFO] org.opensaml.xml.XMLConfigurator: ObjectProviders load complete
[INFO] org.opensaml.xml.XMLConfigurator: Preparing to load ObjectProviders
[INFO] org.opensaml.xml.XMLConfigurator: ObjectProviders load complete
[INFO] org.opensaml.xml.XMLConfigurator: Preparing to load ValidatorSuites
[INFO] org.opensaml.xml.XMLConfigurator: ValidatorSuites load complete
[INFO] org.opensaml.xml.XMLConfigurator: Preparing to load ObjectProviders
[INFO] org.opensaml.xml.XMLConfigurator: ObjectProviders load complete
[INFO] org.opensaml.xml.XMLConfigurator: Preparing to load ObjectProviders
[INFO] org.opensaml.xml.XMLConfigurator: ObjectProviders load complete
[INFO] org.opensaml.xml.XMLConfigurator: Preparing to load ObjectProviders
[INFO] org.opensaml.xml.XMLConfigurator: ObjectProviders load complete
[INFO] org.opensaml.xml.XMLConfigurator: Preparing to load ObjectProviders
[INFO] org.opensaml.xml.XMLConfigurator: ObjectProviders load complete
[INFO] org.opensaml.xml.XMLConfigurator: Preparing to load ObjectProviders
[INFO] org.opensaml.xml.XMLConfigurator: ObjectProviders load complete
[INFO] org.opensaml.xml.XMLConfigurator: Preparing to load ObjectProviders
[INFO] org.opensaml.xml.XMLConfigurator: ObjectProviders load complete
[INFO] org.opensaml.xml.XMLConfigurator: Preparing to load ObjectProviders
[INFO] org.opensaml.xml.XMLConfigurator: ObjectProviders load complete
[INFO] org.opensaml.xml.XMLConfigurator: Preparing to load ObjectProviders
[INFO] org.opensaml.xml.XMLConfigurator: ObjectProviders load complete
[INFO] esg.saml.common.SAMLBuilder: SAML libraries initialized correctly
[DEBUG] esg.saml.auth.service.impl.SAMLAuthenticationStatementHandlerImplTest: <?xml version="1.0" encoding="UTF-8"?><saml:Assertion xmlns:saml="urn:oasis:names:tc:SAML:2.0:assertion" Version="2.0">
   <saml:Issuer Format="urn:oasis:names:tc:SAML:1.1:nameid-format:x509SubjectName">Test SAML Issuer</saml:Issuer>
   <saml:Subject>
      <saml:NameID Format="urn:esg:openid">Test Openid</saml:NameID>
   </saml:Subject>
   <saml:AuthnStatement>
      <saml:AuthnContext>
         <saml:AuthnContextClassRef>urn:oasis:names:tc:SAML:2.0:ac:classes:X509</saml:AuthnContextClassRef>
      </saml:AuthnContext>
   </saml:AuthnStatement>
</saml:Assertion>

]]></system-out>

      <system-err><![CDATA[]]></system-err>

  </testsuite>
  <testsuite errors="0" failures="0" hostname="LMC-MAC-R46-3.local" id="5" name="SAMLStatementFacadeImplTest" package="esg.saml.auth.service.impl" tests="8" time="2.097" timestamp="2010-07-21T23:22:55">
      <properties>
[...]
</properties>

      <testcase classname="esg.saml.auth.service.impl.SAMLStatementFacadeImplTest" name="testBuildUnsignedAuthenticationStatement" time="1.892" />

      <testcase classname="esg.saml.auth.service.impl.SAMLStatementFacadeImplTest" name="testBuildSignedAuthenticationStatement" time="0.045" />

      <testcase classname="esg.saml.auth.service.impl.SAMLStatementFacadeImplTest" name="testBuildSignedAuthenticationStatementWithNoCredential" time="0.0010" />

      <testcase classname="esg.saml.auth.service.impl.SAMLStatementFacadeImplTest" name="testParseAuthenticationStatement" time="0.019" />

      <testcase classname="esg.saml.auth.service.impl.SAMLStatementFacadeImplTest" name="testParseSignedAuthenticationStatement" time="0.042" />

      <testcase classname="esg.saml.auth.service.impl.SAMLStatementFacadeImplTest" name="testParseUnsignedAuthenticationStatement" time="0.0070" />

      <testcase classname="esg.saml.auth.service.impl.SAMLStatementFacadeImplTest" name="testParseInvalidSignedAuthenticationStatement" time="0.018" />

      <testcase classname="esg.saml.auth.service.impl.SAMLStatementFacadeImplTest" name="testParseSignedAuthenticationStatementWithNoTrustore" time="0.0020" />

      <system-out><![CDATA[[INFO] org.opensaml.xml.XMLConfigurator: Preparing to load ObjectProviders
[INFO] org.opensaml.xml.XMLConfigurator: ObjectProviders load complete
[INFO] org.opensaml.xml.XMLConfigurator: Preparing to load ObjectProviders
[INFO] org.opensaml.xml.XMLConfigurator: ObjectProviders load complete
[INFO] org.opensaml.xml.XMLConfigurator: Preparing to load ObjectProviders
[INFO] org.opensaml.xml.XMLConfigurator: ObjectProviders load complete
[INFO] org.opensaml.xml.XMLConfigurator: Preparing to load ValidatorSuites
[INFO] org.opensaml.xml.XMLConfigurator: ValidatorSuites load complete
[INFO] org.opensaml.xml.XMLConfigurator: Preparing to load ObjectProviders
[INFO] org.opensaml.xml.XMLConfigurator: ObjectProviders load complete
[INFO] org.opensaml.xml.XMLConfigurator: Preparing to load ValidatorSuites
[INFO] org.opensaml.xml.XMLConfigurator: ValidatorSuites load complete
[INFO] org.opensaml.xml.XMLConfigurator: Preparing to load ObjectProviders
[INFO] org.opensaml.xml.XMLConfigurator: ObjectProviders load complete
[INFO] org.opensaml.xml.XMLConfigurator: Preparing to load ObjectProviders
[INFO] org.opensaml.xml.XMLConfigurator: ObjectProviders load complete
[INFO] org.opensaml.xml.XMLConfigurator: Preparing to load ObjectProviders
[INFO] org.opensaml.xml.XMLConfigurator: ObjectProviders load complete
[INFO] org.opensaml.xml.XMLConfigurator: Preparing to load ObjectProviders
[INFO] org.opensaml.xml.XMLConfigurator: ObjectProviders load complete
[INFO] org.opensaml.xml.XMLConfigurator: Preparing to load ValidatorSuites
[INFO] org.opensaml.xml.XMLConfigurator: ValidatorSuites load complete
[INFO] org.opensaml.xml.XMLConfigurator: Preparing to load ObjectProviders
[INFO] org.opensaml.xml.XMLConfigurator: ObjectProviders load complete
[INFO] org.opensaml.xml.XMLConfigurator: Preparing to load ObjectProviders
[INFO] org.opensaml.xml.XMLConfigurator: ObjectProviders load complete
[INFO] org.opensaml.xml.XMLConfigurator: Preparing to load ValidatorSuites
[INFO] org.opensaml.xml.XMLConfigurator: ValidatorSuites load complete
[INFO] org.opensaml.xml.XMLConfigurator: Preparing to load ObjectProviders
[INFO] org.opensaml.xml.XMLConfigurator: ObjectProviders load complete
[INFO] org.opensaml.xml.XMLConfigurator: Preparing to load ObjectProviders
[INFO] org.opensaml.xml.XMLConfigurator: ObjectProviders load complete
[INFO] org.opensaml.xml.XMLConfigurator: Preparing to load ValidatorSuites
[INFO] org.opensaml.xml.XMLConfigurator: ValidatorSuites load complete
[INFO] org.opensaml.xml.XMLConfigurator: Preparing to load ObjectProviders
[INFO] org.opensaml.xml.XMLConfigurator: ObjectProviders load complete
[INFO] org.opensaml.xml.XMLConfigurator: Preparing to load ObjectProviders
[INFO] org.opensaml.xml.XMLConfigurator: ObjectProviders load complete
[INFO] org.opensaml.xml.XMLConfigurator: Preparing to load ObjectProviders
[INFO] org.opensaml.xml.XMLConfigurator: ObjectProviders load complete
[INFO] org.opensaml.xml.XMLConfigurator: Preparing to load ObjectProviders
[INFO] org.opensaml.xml.XMLConfigurator: ObjectProviders load complete
[INFO] org.opensaml.xml.XMLConfigurator: Preparing to load ObjectProviders
[INFO] org.opensaml.xml.XMLConfigurator: ObjectProviders load complete
[INFO] org.opensaml.xml.XMLConfigurator: Preparing to load ObjectProviders
[INFO] org.opensaml.xml.XMLConfigurator: ObjectProviders load complete
[INFO] org.opensaml.xml.XMLConfigurator: Preparing to load ObjectProviders
[INFO] org.opensaml.xml.XMLConfigurator: ObjectProviders load complete
[INFO] org.opensaml.xml.XMLConfigurator: Preparing to load ObjectProviders
[INFO] org.opensaml.xml.XMLConfigurator: ObjectProviders load complete
[INFO] esg.saml.common.SAMLBuilder: SAML libraries initialized correctly
[DEBUG] esg.saml.auth.service.impl.SAMLStatementFacadeImplTest: <?xml version="1.0" encoding="UTF-8"?>
<saml:Assertion Version="2.0" xmlns:saml="urn:oasis:names:tc:SAML:2.0:assertion"><saml:Issuer Format="urn:oasis:names:tc:SAML:1.1:nameid-format:x509SubjectName">Test SAML Issuer</saml:Issuer><saml:Subject><saml:NameID Format="urn:esg:openid">Test Openid</saml:NameID></saml:Subject><saml:AuthnStatement><saml:AuthnContext><saml:AuthnContextClassRef>urn:oasis:names:tc:SAML:2.0:ac:classes:X509</saml:AuthnContextClassRef></saml:AuthnContext></saml:AuthnStatement></saml:Assertion>
[DEBUG] esg.saml.common.SecurityManager: Keystore alias=tomcat
[DEBUG] esg.saml.common.SecurityManager: Private key=Sun RSA private CRT key, 1024 bits
  modulus:          129408685500683016740861667555763060319269041708485883214125586091952210067224947587585184570161894960170062430338482581995557409117473846130375077697928500698387724516579599404828023017645928667628958720124701100049200461166335472696890532927023533238119528338718075041811086002182026458842678319593433279261
  public exponent:  65537
  private exponent: 23319904416788477161139147257786620418550854976230500034466380391930597996458895448515815947840334154441131533367372313248508979685938723511905178259800346718994901444447055975162706703739015125751310539693078650225546068253099034213952825269681118597695261371792639371456636449090825750871547211884623185473
  prime p:          12699272589832540424143428898900506911426927695442228906722717693432035707705720508407664119650069501038092199442211308482185827107786497245922651586608681
  prime q:          10190243936041809987501514423927219979620348711301615921769386408580773019688629233411486520185494007622801711333381971394420583077246869683910465762868181
  prime exponent p: 4791414213784415323676618801335319504994943941974762259128929313296213542646739261964940578399793529642322746167928941282619115108934444930343613619513753
  prime exponent q: 5146355399165537436353893592980196330095584198951140329565331817922798196524928671856407538414933253952721226814048193985268359227470236550316135859429193
  crt coefficient:  3303273783485475066483534621439001011351839472228840390514195923660164072015932832492050619978685570082609384537906521743510172270362206794670258825825697
[DEBUG] esg.saml.common.SecurityManager: Public key=Sun RSA public key, 1024 bits
  modulus: 129408685500683016740861667555763060319269041708485883214125586091952210067224947587585184570161894960170062430338482581995557409117473846130375077697928500698387724516579599404828023017645928667628958720124701100049200461166335472696890532927023533238119528338718075041811086002182026458842678319593433279261
  public exponent: 65537
[DEBUG] esg.saml.auth.service.impl.SAMLAuthenticationStatementFacadeImpl: Set signinig credential CN=localhost, OU=CISL, O=NCAR, L=Boulder, ST=CO, C=US
[DEBUG] esg.saml.auth.service.impl.SAMLStatementFacadeImplTest: <?xml version="1.0" encoding="UTF-8"?>
<saml:Assertion Version="2.0" xmlns:saml="urn:oasis:names:tc:SAML:2.0:assertion"><saml:Issuer Format="urn:oasis:names:tc:SAML:1.1:nameid-format:x509SubjectName">Test SAML Issuer</saml:Issuer><ds:Signature xmlns:ds="http://www.w3.org/2000/09/xmldsig#">
<ds:SignedInfo>
<ds:CanonicalizationMethod Algorithm="http://www.w3.org/2001/10/xml-exc-c14n#"/>
<ds:SignatureMethod Algorithm="http://www.w3.org/2000/09/xmldsig#rsa-sha1"/>
<ds:Reference URI="">
<ds:Transforms>
<ds:Transform Algorithm="http://www.w3.org/2000/09/xmldsig#enveloped-signature"/>
<ds:Transform Algorithm="http://www.w3.org/2001/10/xml-exc-c14n#"><ec:InclusiveNamespaces PrefixList="ds saml" xmlns:ec="http://www.w3.org/2001/10/xml-exc-c14n#"/></ds:Transform>
</ds:Transforms>
<ds:DigestMethod Algorithm="http://www.w3.org/2000/09/xmldsig#sha1"/>
<ds:DigestValue>ZDiXdqQXDaDsOdYWENt0fUJexP4=</ds:DigestValue>
</ds:Reference>
</ds:SignedInfo>
<ds:SignatureValue>
ml87cInW68qMqofNUzYmeneSYU1odcQRKCoJRwCsLY4rMVu/ERGPv6vghB4qaOrzYttk88XxqoIw
pWNlVG3JKsddLPLR3VEmrwn7W8VxB7DX1G5ZI/OCsRLAh1VOvKQcFhHdWfU7QhI0/8ozsvagvxvN
CVlqxz+UdJ/jb+JCI7s=
</ds:SignatureValue>
</ds:Signature><saml:Subject><saml:NameID Format="urn:esg:openid">Test Openid</saml:NameID></saml:Subject><saml:AuthnStatement><saml:AuthnContext><saml:AuthnContextClassRef>urn:oasis:names:tc:SAML:2.0:ac:classes:X509</saml:AuthnContextClassRef></saml:AuthnContext></saml:AuthnStatement></saml:Assertion>
[DEBUG] esg.saml.common.SecurityManager: Trusted Certificate Alias=simpleca-vetswebdev.ucar.edu
[DEBUG] esg.saml.common.SecurityManager: Trusted Certificate Alias=pcmdi3.llnl.gov-1
[DEBUG] esg.saml.common.SecurityManager: Trusted Certificate Alias=esg.prototype.ucar.edu-1
[DEBUG] esg.saml.common.SecurityManager: Trusted Certificate Alias=simpleca-vetswebprod.ucar.edu
[DEBUG] esg.saml.common.SecurityManager: Trusted Certificate Alias=esnet
[DEBUG] esg.saml.common.SecurityManager: Trusted Certificate Alias=localhost-1
[DEBUG] esg.saml.common.SecurityManager: Trusted Certificate Alias=simpleca-vetsproc.ucar.edu
[DEBUG] esg.saml.common.SecurityManager: Trusted Certificate Alias=doegrids
[INFO] org.opensaml.xml.security.credential.criteria.EvaluableEntityIDCredentialCriteria: Could not evaluate criteria, credential contained no entity ID
[WARN] org.apache.xml.security.signature.XMLSignature: Signature verification failed.
[INFO] org.opensaml.xml.security.credential.criteria.EvaluableEntityIDCredentialCriteria: Could not evaluate criteria, credential contained no entity ID
[WARN] org.apache.xml.security.signature.XMLSignature: Signature verification failed.
[INFO] org.opensaml.xml.security.credential.criteria.EvaluableEntityIDCredentialCriteria: Could not evaluate criteria, credential contained no entity ID
[INFO] org.apache.xml.security.signature.Reference: Verification successful for URI ""
[DEBUG] esg.saml.common.SAMLBuilder: Validated assertion signature: result=true
[DEBUG] esg.saml.common.SecurityManager: Trusted Certificate Alias=simpleca-vetswebdev.ucar.edu
[DEBUG] esg.saml.common.SecurityManager: Trusted Certificate Alias=pcmdi3.llnl.gov-1
[DEBUG] esg.saml.common.SecurityManager: Trusted Certificate Alias=esg.prototype.ucar.edu-1
[DEBUG] esg.saml.common.SecurityManager: Trusted Certificate Alias=simpleca-vetswebprod.ucar.edu
[DEBUG] esg.saml.common.SecurityManager: Trusted Certificate Alias=esnet
[DEBUG] esg.saml.common.SecurityManager: Trusted Certificate Alias=localhost-1
[DEBUG] esg.saml.common.SecurityManager: Trusted Certificate Alias=simpleca-vetsproc.ucar.edu
[DEBUG] esg.saml.common.SecurityManager: Trusted Certificate Alias=doegrids
[DEBUG] esg.saml.common.SecurityManager: Trusted Certificate Alias=simpleca-vetswebdev.ucar.edu
[DEBUG] esg.saml.common.SecurityManager: Trusted Certificate Alias=pcmdi3.llnl.gov-1
[DEBUG] esg.saml.common.SecurityManager: Trusted Certificate Alias=esg.prototype.ucar.edu-1
[DEBUG] esg.saml.common.SecurityManager: Trusted Certificate Alias=simpleca-vetswebprod.ucar.edu
[DEBUG] esg.saml.common.SecurityManager: Trusted Certificate Alias=esnet
[DEBUG] esg.saml.common.SecurityManager: Trusted Certificate Alias=localhost-1
[DEBUG] esg.saml.common.SecurityManager: Trusted Certificate Alias=simpleca-vetsproc.ucar.edu
[DEBUG] esg.saml.common.SecurityManager: Trusted Certificate Alias=doegrids
[INFO] org.opensaml.xml.security.credential.criteria.EvaluableEntityIDCredentialCriteria: Could not evaluate criteria, credential contained no entity ID
[WARN] org.apache.xml.security.signature.XMLSignature: Signature verification failed.
[INFO] org.opensaml.xml.security.credential.criteria.EvaluableEntityIDCredentialCriteria: Could not evaluate criteria, credential contained no entity ID
[WARN] org.apache.xml.security.signature.XMLSignature: Signature verification failed.
[INFO] org.opensaml.xml.security.credential.criteria.EvaluableEntityIDCredentialCriteria: Could not evaluate criteria, credential contained no entity ID
[WARN] org.apache.xml.security.signature.XMLSignature: Signature verification failed.
[INFO] org.opensaml.xml.security.credential.criteria.EvaluableEntityIDCredentialCriteria: Could not evaluate criteria, credential contained no entity ID
[WARN] org.apache.xml.security.signature.XMLSignature: Signature verification failed.
[INFO] org.opensaml.xml.security.credential.criteria.EvaluableEntityIDCredentialCriteria: Could not evaluate criteria, credential contained no entity ID
[WARN] org.apache.xml.security.signature.XMLSignature: Signature verification failed.
[INFO] org.opensaml.xml.security.credential.criteria.EvaluableEntityIDCredentialCriteria: Could not evaluate criteria, credential contained no entity ID
[WARN] org.apache.xml.security.signature.XMLSignature: Signature verification failed.
[INFO] org.opensaml.xml.security.credential.criteria.EvaluableEntityIDCredentialCriteria: Could not evaluate criteria, credential contained no entity ID
[WARN] org.apache.xml.security.signature.XMLSignature: Signature verification failed.
[INFO] org.opensaml.xml.security.credential.criteria.EvaluableEntityIDCredentialCriteria: Could not evaluate criteria, credential contained no entity ID
[WARN] org.apache.xml.security.signature.XMLSignature: Signature verification failed.
[ERROR] org.opensaml.xml.signature.impl.ExplicitKeySignatureTrustEngine: Failed to verify signature using either KeyInfo-derived or directly trusted credentials
[DEBUG] esg.saml.common.SAMLBuilder: Validated assertion signature: result=false
[ERROR] org.opensaml.xml.signature.impl.ExplicitKeySignatureTrustEngine: Failed to verify signature using either KeyInfo-derived or directly trusted credentials
[DEBUG] esg.saml.common.SAMLBuilder: Validated assertion signature: result=false
]]></system-out>

      <system-err><![CDATA[]]></system-err>

  </testsuite>
  <testsuite errors="0" failures="0" hostname="LMC-MAC-R46-3.local" id="6" name="SAMLAuthorizationQueryRequestBuilderImplTest" package="esg.saml.authz.service.impl" tests="1" time="1.986" timestamp="2010-07-21T23:22:59">
      <properties>
[...]
</properties>

      <testcase classname="esg.saml.authz.service.impl.SAMLAuthorizationQueryRequestBuilderImplTest" name="testBuildAuthorizationQueryRequest" time="1.748" />

      <system-out><![CDATA[[INFO] org.opensaml.xml.XMLConfigurator: Preparing to load ObjectProviders
[INFO] org.opensaml.xml.XMLConfigurator: ObjectProviders load complete
[INFO] org.opensaml.xml.XMLConfigurator: Preparing to load ObjectProviders
[INFO] org.opensaml.xml.XMLConfigurator: ObjectProviders load complete
[INFO] org.opensaml.xml.XMLConfigurator: Preparing to load ObjectProviders
[INFO] org.opensaml.xml.XMLConfigurator: ObjectProviders load complete
[INFO] org.opensaml.xml.XMLConfigurator: Preparing to load ValidatorSuites
[INFO] org.opensaml.xml.XMLConfigurator: ValidatorSuites load complete
[INFO] org.opensaml.xml.XMLConfigurator: Preparing to load ObjectProviders
[INFO] org.opensaml.xml.XMLConfigurator: ObjectProviders load complete
[INFO] org.opensaml.xml.XMLConfigurator: Preparing to load ValidatorSuites
[INFO] org.opensaml.xml.XMLConfigurator: ValidatorSuites load complete
[INFO] org.opensaml.xml.XMLConfigurator: Preparing to load ObjectProviders
[INFO] org.opensaml.xml.XMLConfigurator: ObjectProviders load complete
[INFO] org.opensaml.xml.XMLConfigurator: Preparing to load ObjectProviders
[INFO] org.opensaml.xml.XMLConfigurator: ObjectProviders load complete
[INFO] org.opensaml.xml.XMLConfigurator: Preparing to load ObjectProviders
[INFO] org.opensaml.xml.XMLConfigurator: ObjectProviders load complete
[INFO] org.opensaml.xml.XMLConfigurator: Preparing to load ObjectProviders
[INFO] org.opensaml.xml.XMLConfigurator: ObjectProviders load complete
[INFO] org.opensaml.xml.XMLConfigurator: Preparing to load ValidatorSuites
[INFO] org.opensaml.xml.XMLConfigurator: ValidatorSuites load complete
[INFO] org.opensaml.xml.XMLConfigurator: Preparing to load ObjectProviders
[INFO] org.opensaml.xml.XMLConfigurator: ObjectProviders load complete
[INFO] org.opensaml.xml.XMLConfigurator: Preparing to load ObjectProviders
[INFO] org.opensaml.xml.XMLConfigurator: ObjectProviders load complete
[INFO] org.opensaml.xml.XMLConfigurator: Preparing to load ValidatorSuites
[INFO] org.opensaml.xml.XMLConfigurator: ValidatorSuites load complete
[INFO] org.opensaml.xml.XMLConfigurator: Preparing to load ObjectProviders
[INFO] org.opensaml.xml.XMLConfigurator: ObjectProviders load complete
[INFO] org.opensaml.xml.XMLConfigurator: Preparing to load ObjectProviders
[INFO] org.opensaml.xml.XMLConfigurator: ObjectProviders load complete
[INFO] org.opensaml.xml.XMLConfigurator: Preparing to load ValidatorSuites
[INFO] org.opensaml.xml.XMLConfigurator: ValidatorSuites load complete
[INFO] org.opensaml.xml.XMLConfigurator: Preparing to load ObjectProviders
[INFO] org.opensaml.xml.XMLConfigurator: ObjectProviders load complete
[INFO] org.opensaml.xml.XMLConfigurator: Preparing to load ObjectProviders
[INFO] org.opensaml.xml.XMLConfigurator: ObjectProviders load complete
[INFO] org.opensaml.xml.XMLConfigurator: Preparing to load ObjectProviders
[INFO] org.opensaml.xml.XMLConfigurator: ObjectProviders load complete
[INFO] org.opensaml.xml.XMLConfigurator: Preparing to load ObjectProviders
[INFO] org.opensaml.xml.XMLConfigurator: ObjectProviders load complete
[INFO] org.opensaml.xml.XMLConfigurator: Preparing to load ObjectProviders
[INFO] org.opensaml.xml.XMLConfigurator: ObjectProviders load complete
[INFO] org.opensaml.xml.XMLConfigurator: Preparing to load ObjectProviders
[INFO] org.opensaml.xml.XMLConfigurator: ObjectProviders load complete
[INFO] org.opensaml.xml.XMLConfigurator: Preparing to load ObjectProviders
[INFO] org.opensaml.xml.XMLConfigurator: ObjectProviders load complete
[INFO] org.opensaml.xml.XMLConfigurator: Preparing to load ObjectProviders
[INFO] org.opensaml.xml.XMLConfigurator: ObjectProviders load complete
[INFO] esg.saml.common.SAMLBuilder: SAML libraries initialized correctly
[DEBUG] esg.saml.authz.service.impl.SAMLAuthorizationQueryRequestBuilderImplTest: <?xml version="1.0" encoding="UTF-8"?><samlp:AuthzDecisionQuery xmlns:samlp="urn:oasis:names:tc:SAML:2.0:protocol" Resource="/PATH/TO/FILE" Version="2.0">
   <saml:Issuer xmlns:saml="urn:oasis:names:tc:SAML:2.0:assertion" Format="urn:oasis:names:tc:SAML:1.1:nameid-format:x509SubjectName">Test SAML Issuer</saml:Issuer>
   <saml:Subject xmlns:saml="urn:oasis:names:tc:SAML:2.0:assertion">
      <saml:NameID Format="urn:esg:openid">Test Openid</saml:NameID>
   </saml:Subject>
   <saml:Action xmlns:saml="urn:oasis:names:tc:SAML:2.0:assertion">Read</saml:Action>
</samlp:AuthzDecisionQuery>

]]></system-out>

      <system-err><![CDATA[]]></system-err>

  </testsuite>
  <testsuite errors="0" failures="0" hostname="LMC-MAC-R46-3.local" id="7" name="SAMLAuthorizationQueryResponseBuilderImplTest" package="esg.saml.authz.service.impl" tests="2" time="1.826" timestamp="2010-07-21T23:23:02">
      <properties>
[...]
</properties>

      <testcase classname="esg.saml.authz.service.impl.SAMLAuthorizationQueryResponseBuilderImplTest" name="testBuildAuthzDecisionQueryResponseSuccess" time="1.778" />

      <testcase classname="esg.saml.authz.service.impl.SAMLAuthorizationQueryResponseBuilderImplTest" name="testBuildAuthzDecisionQueryQueryResponseFailure" time="0.011" />

      <system-out><![CDATA[[INFO] org.opensaml.xml.XMLConfigurator: Preparing to load ObjectProviders
[INFO] org.opensaml.xml.XMLConfigurator: ObjectProviders load complete
[INFO] org.opensaml.xml.XMLConfigurator: Preparing to load ObjectProviders
[INFO] org.opensaml.xml.XMLConfigurator: ObjectProviders load complete
[INFO] org.opensaml.xml.XMLConfigurator: Preparing to load ObjectProviders
[INFO] org.opensaml.xml.XMLConfigurator: ObjectProviders load complete
[INFO] org.opensaml.xml.XMLConfigurator: Preparing to load ValidatorSuites
[INFO] org.opensaml.xml.XMLConfigurator: ValidatorSuites load complete
[INFO] org.opensaml.xml.XMLConfigurator: Preparing to load ObjectProviders
[INFO] org.opensaml.xml.XMLConfigurator: ObjectProviders load complete
[INFO] org.opensaml.xml.XMLConfigurator: Preparing to load ValidatorSuites
[INFO] org.opensaml.xml.XMLConfigurator: ValidatorSuites load complete
[INFO] org.opensaml.xml.XMLConfigurator: Preparing to load ObjectProviders
[INFO] org.opensaml.xml.XMLConfigurator: ObjectProviders load complete
[INFO] org.opensaml.xml.XMLConfigurator: Preparing to load ObjectProviders
[INFO] org.opensaml.xml.XMLConfigurator: ObjectProviders load complete
[INFO] org.opensaml.xml.XMLConfigurator: Preparing to load ObjectProviders
[INFO] org.opensaml.xml.XMLConfigurator: ObjectProviders load complete
[INFO] org.opensaml.xml.XMLConfigurator: Preparing to load ObjectProviders
[INFO] org.opensaml.xml.XMLConfigurator: ObjectProviders load complete
[INFO] org.opensaml.xml.XMLConfigurator: Preparing to load ValidatorSuites
[INFO] org.opensaml.xml.XMLConfigurator: ValidatorSuites load complete
[INFO] org.opensaml.xml.XMLConfigurator: Preparing to load ObjectProviders
[INFO] org.opensaml.xml.XMLConfigurator: ObjectProviders load complete
[INFO] org.opensaml.xml.XMLConfigurator: Preparing to load ObjectProviders
[INFO] org.opensaml.xml.XMLConfigurator: ObjectProviders load complete
[INFO] org.opensaml.xml.XMLConfigurator: Preparing to load ValidatorSuites
[INFO] org.opensaml.xml.XMLConfigurator: ValidatorSuites load complete
[INFO] org.opensaml.xml.XMLConfigurator: Preparing to load ObjectProviders
[INFO] org.opensaml.xml.XMLConfigurator: ObjectProviders load complete
[INFO] org.opensaml.xml.XMLConfigurator: Preparing to load ObjectProviders
[INFO] org.opensaml.xml.XMLConfigurator: ObjectProviders load complete
[INFO] org.opensaml.xml.XMLConfigurator: Preparing to load ValidatorSuites
[INFO] org.opensaml.xml.XMLConfigurator: ValidatorSuites load complete
[INFO] org.opensaml.xml.XMLConfigurator: Preparing to load ObjectProviders
[INFO] org.opensaml.xml.XMLConfigurator: ObjectProviders load complete
[INFO] org.opensaml.xml.XMLConfigurator: Preparing to load ObjectProviders
[INFO] org.opensaml.xml.XMLConfigurator: ObjectProviders load complete
[INFO] org.opensaml.xml.XMLConfigurator: Preparing to load ObjectProviders
[INFO] org.opensaml.xml.XMLConfigurator: ObjectProviders load complete
[INFO] org.opensaml.xml.XMLConfigurator: Preparing to load ObjectProviders
[INFO] org.opensaml.xml.XMLConfigurator: ObjectProviders load complete
[INFO] org.opensaml.xml.XMLConfigurator: Preparing to load ObjectProviders
[INFO] org.opensaml.xml.XMLConfigurator: ObjectProviders load complete
[INFO] org.opensaml.xml.XMLConfigurator: Preparing to load ObjectProviders
[INFO] org.opensaml.xml.XMLConfigurator: ObjectProviders load complete
[INFO] org.opensaml.xml.XMLConfigurator: Preparing to load ObjectProviders
[INFO] org.opensaml.xml.XMLConfigurator: ObjectProviders load complete
[INFO] org.opensaml.xml.XMLConfigurator: Preparing to load ObjectProviders
[INFO] org.opensaml.xml.XMLConfigurator: ObjectProviders load complete
[INFO] esg.saml.common.SAMLBuilder: SAML libraries initialized correctly
[DEBUG] esg.saml.authz.service.impl.SAMLAuthorizationQueryResponseBuilderImplTest: <?xml version="1.0" encoding="UTF-8"?><samlp:Response xmlns:samlp="urn:oasis:names:tc:SAML:2.0:protocol" InResponseTo="7658c723-7aef-478c-badf-c6cee670761f" Version="2.0">
   <saml:Issuer xmlns:saml="urn:oasis:names:tc:SAML:2.0:assertion" Format="urn:oasis:names:tc:SAML:1.1:nameid-format:x509SubjectName">Test SAML Issuer</saml:Issuer>
   <samlp:Status>
      <samlp:StatusCode Value="urn:oasis:names:tc:SAML:2.0:status:Success"/>
   </samlp:Status>
   <saml:Assertion xmlns:saml="urn:oasis:names:tc:SAML:2.0:assertion" Version="2.0">
      <saml:Issuer Format="urn:oasis:names:tc:SAML:1.1:nameid-format:x509SubjectName">Test SAML Issuer</saml:Issuer>
      <saml:Subject>
         <saml:NameID Format="urn:esg:openid">Test Openid</saml:NameID>
      </saml:Subject>
      <saml:AuthzDecisionStatement Decision="Permit" Resource="/home/neillm/testfile">
         <saml:Action>Read</saml:Action>
      </saml:AuthzDecisionStatement>
   </saml:Assertion>
</samlp:Response>

[DEBUG] esg.saml.authz.service.impl.SAMLAuthorizationQueryResponseBuilderImplTest: <?xml version="1.0" encoding="UTF-8"?><samlp:Response xmlns:samlp="urn:oasis:names:tc:SAML:2.0:protocol" InResponseTo="7658c723-7aef-478c-badf-c6cee670761f" Version="2.0">
   <saml:Issuer xmlns:saml="urn:oasis:names:tc:SAML:2.0:assertion" Format="urn:oasis:names:tc:SAML:1.1:nameid-format:x509SubjectName">Test SAML Issuer</saml:Issuer>
   <samlp:Status>
      <samlp:StatusCode Value="urn:oasis:names:tc:SAML:2.0:status:UnknownPrincipal"/>
   </samlp:Status>
</samlp:Response>

]]></system-out>

      <system-err><![CDATA[]]></system-err>

  </testsuite>
  <testsuite errors="0" failures="0" hostname="LMC-MAC-R46-3.local" id="8" name="SAMLAuthorizationServiceSoapImplTest" package="esg.saml.authz.service.impl" tests="1" time="1.992" timestamp="2010-07-21T23:23:05">
      <properties>
[...]
</properties>

      <testcase classname="esg.saml.authz.service.impl.SAMLAuthorizationServiceSoapImplTest" name="testProcessAuthorizationQuery" time="1.837" />

      <system-out><![CDATA[[INFO] org.opensaml.xml.XMLConfigurator: Preparing to load ObjectProviders
[INFO] org.opensaml.xml.XMLConfigurator: ObjectProviders load complete
[INFO] org.opensaml.xml.XMLConfigurator: Preparing to load ObjectProviders
[INFO] org.opensaml.xml.XMLConfigurator: ObjectProviders load complete
[INFO] org.opensaml.xml.XMLConfigurator: Preparing to load ObjectProviders
[INFO] org.opensaml.xml.XMLConfigurator: ObjectProviders load complete
[INFO] org.opensaml.xml.XMLConfigurator: Preparing to load ValidatorSuites
[INFO] org.opensaml.xml.XMLConfigurator: ValidatorSuites load complete
[INFO] org.opensaml.xml.XMLConfigurator: Preparing to load ObjectProviders
[INFO] org.opensaml.xml.XMLConfigurator: ObjectProviders load complete
[INFO] org.opensaml.xml.XMLConfigurator: Preparing to load ValidatorSuites
[INFO] org.opensaml.xml.XMLConfigurator: ValidatorSuites load complete
[INFO] org.opensaml.xml.XMLConfigurator: Preparing to load ObjectProviders
[INFO] org.opensaml.xml.XMLConfigurator: ObjectProviders load complete
[INFO] org.opensaml.xml.XMLConfigurator: Preparing to load ObjectProviders
[INFO] org.opensaml.xml.XMLConfigurator: ObjectProviders load complete
[INFO] org.opensaml.xml.XMLConfigurator: Preparing to load ObjectProviders
[INFO] org.opensaml.xml.XMLConfigurator: ObjectProviders load complete
[INFO] org.opensaml.xml.XMLConfigurator: Preparing to load ObjectProviders
[INFO] org.opensaml.xml.XMLConfigurator: ObjectProviders load complete
[INFO] org.opensaml.xml.XMLConfigurator: Preparing to load ValidatorSuites
[INFO] org.opensaml.xml.XMLConfigurator: ValidatorSuites load complete
[INFO] org.opensaml.xml.XMLConfigurator: Preparing to load ObjectProviders
[INFO] org.opensaml.xml.XMLConfigurator: ObjectProviders load complete
[INFO] org.opensaml.xml.XMLConfigurator: Preparing to load ObjectProviders
[INFO] org.opensaml.xml.XMLConfigurator: ObjectProviders load complete
[INFO] org.opensaml.xml.XMLConfigurator: Preparing to load ValidatorSuites
[INFO] org.opensaml.xml.XMLConfigurator: ValidatorSuites load complete
[INFO] org.opensaml.xml.XMLConfigurator: Preparing to load ObjectProviders
[INFO] org.opensaml.xml.XMLConfigurator: ObjectProviders load complete
[INFO] org.opensaml.xml.XMLConfigurator: Preparing to load ObjectProviders
[INFO] org.opensaml.xml.XMLConfigurator: ObjectProviders load complete
[INFO] org.opensaml.xml.XMLConfigurator: Preparing to load ValidatorSuites
[INFO] org.opensaml.xml.XMLConfigurator: ValidatorSuites load complete
[INFO] org.opensaml.xml.XMLConfigurator: Preparing to load ObjectProviders
[INFO] org.opensaml.xml.XMLConfigurator: ObjectProviders load complete
[INFO] org.opensaml.xml.XMLConfigurator: Preparing to load ObjectProviders
[INFO] org.opensaml.xml.XMLConfigurator: ObjectProviders load complete
[INFO] org.opensaml.xml.XMLConfigurator: Preparing to load ObjectProviders
[INFO] org.opensaml.xml.XMLConfigurator: ObjectProviders load complete
[INFO] org.opensaml.xml.XMLConfigurator: Preparing to load ObjectProviders
[INFO] org.opensaml.xml.XMLConfigurator: ObjectProviders load complete
[INFO] org.opensaml.xml.XMLConfigurator: Preparing to load ObjectProviders
[INFO] org.opensaml.xml.XMLConfigurator: ObjectProviders load complete
[INFO] org.opensaml.xml.XMLConfigurator: Preparing to load ObjectProviders
[INFO] org.opensaml.xml.XMLConfigurator: ObjectProviders load complete
[INFO] org.opensaml.xml.XMLConfigurator: Preparing to load ObjectProviders
[INFO] org.opensaml.xml.XMLConfigurator: ObjectProviders load complete
[INFO] org.opensaml.xml.XMLConfigurator: Preparing to load ObjectProviders
[INFO] org.opensaml.xml.XMLConfigurator: ObjectProviders load complete
[INFO] esg.saml.common.SAMLBuilder: SAML libraries initialized correctly
[DEBUG] esg.saml.authz.service.impl.SAMLAuthorizationServiceSoapImpl: SOAP request:
<?xml version="1.0" encoding="UTF-8"?><soap11:Envelope xmlns:soap11="http://schemas.xmlsoap.org/soap/envelope/">
   <soap11:Body>
<samlp:AuthzDecisionQuery xmlns:samlp="urn:oasis:names:tc:SAML:2.0:protocol" ID="7658c723-7aef-478c-badf-c6cee670761f" IssueInstant="2010-01-26T18:18:10.927Z" Resource="/home/neillm/testfile1" Version="2.0">
   <saml:Subject xmlns:saml="urn:oasis:names:tc:SAML:2.0:assertion">
      <saml:NameID>Test Openid</saml:NameID>
   </saml:Subject>
   <saml:Action xmlns:saml="urn:oasis:names:tc:SAML:2.0:assertion">Read</saml:Action>
</samlp:AuthzDecisionQuery>
   </soap11:Body>
</soap11:Envelope>

[DEBUG] esg.saml.authz.service.impl.SAMLAuthorizationServiceSoapImpl: SOAP response:
<?xml version="1.0" encoding="UTF-8"?><soap11:Envelope xmlns:soap11="http://schemas.xmlsoap.org/soap/envelope/">
   <soap11:Body>
      <samlp:Response xmlns:samlp="urn:oasis:names:tc:SAML:2.0:protocol" InResponseTo="7658c723-7aef-478c-badf-c6cee670761f" Version="2.0">
         <saml:Issuer xmlns:saml="urn:oasis:names:tc:SAML:2.0:assertion" Format="urn:oasis:names:tc:SAML:1.1:nameid-format:x509SubjectName">Test SAML Issuer</saml:Issuer>
         <samlp:Status>
            <samlp:StatusCode Value="urn:oasis:names:tc:SAML:2.0:status:Success"/>
         </samlp:Status>
         <saml:Assertion xmlns:saml="urn:oasis:names:tc:SAML:2.0:assertion" Version="2.0">
            <saml:Issuer Format="urn:oasis:names:tc:SAML:1.1:nameid-format:x509SubjectName">Test SAML Issuer</saml:Issuer>
            <saml:Subject>
               <saml:NameID Format="urn:esg:openid">Test Openid</saml:NameID>
            </saml:Subject>
            <saml:AuthzDecisionStatement Decision="Permit" Resource="/home/neillm/testfile1">
               <saml:Action>Read</saml:Action>
            </saml:AuthzDecisionStatement>
         </saml:Assertion>
      </samlp:Response>
   </soap11:Body>
</soap11:Envelope>

]]></system-out>

      <system-err><![CDATA[]]></system-err>

  </testsuite>
  <testsuite errors="0" failures="0" hostname="LMC-MAC-R46-3.local" id="9" name="SAMLAuthorizationStatementHandlerImplTest" package="esg.saml.authz.service.impl" tests="2" time="1.723" timestamp="2010-07-21T23:23:07">
      <properties>
[...]
</properties>

      <testcase classname="esg.saml.authz.service.impl.SAMLAuthorizationStatementHandlerImplTest" name="testBuildAuthzDecisionStatement" time="1.686" />

      <testcase classname="esg.saml.authz.service.impl.SAMLAuthorizationStatementHandlerImplTest" name="testParseAuthzDecisionStatement" time="0.0060" />

      <system-out><![CDATA[[INFO] org.opensaml.xml.XMLConfigurator: Preparing to load ObjectProviders
[INFO] org.opensaml.xml.XMLConfigurator: ObjectProviders load complete
[INFO] org.opensaml.xml.XMLConfigurator: Preparing to load ObjectProviders
[INFO] org.opensaml.xml.XMLConfigurator: ObjectProviders load complete
[INFO] org.opensaml.xml.XMLConfigurator: Preparing to load ObjectProviders
[INFO] org.opensaml.xml.XMLConfigurator: ObjectProviders load complete
[INFO] org.opensaml.xml.XMLConfigurator: Preparing to load ValidatorSuites
[INFO] org.opensaml.xml.XMLConfigurator: ValidatorSuites load complete
[INFO] org.opensaml.xml.XMLConfigurator: Preparing to load ObjectProviders
[INFO] org.opensaml.xml.XMLConfigurator: ObjectProviders load complete
[INFO] org.opensaml.xml.XMLConfigurator: Preparing to load ValidatorSuites
[INFO] org.opensaml.xml.XMLConfigurator: ValidatorSuites load complete
[INFO] org.opensaml.xml.XMLConfigurator: Preparing to load ObjectProviders
[INFO] org.opensaml.xml.XMLConfigurator: ObjectProviders load complete
[INFO] org.opensaml.xml.XMLConfigurator: Preparing to load ObjectProviders
[INFO] org.opensaml.xml.XMLConfigurator: ObjectProviders load complete
[INFO] org.opensaml.xml.XMLConfigurator: Preparing to load ObjectProviders
[INFO] org.opensaml.xml.XMLConfigurator: ObjectProviders load complete
[INFO] org.opensaml.xml.XMLConfigurator: Preparing to load ObjectProviders
[INFO] org.opensaml.xml.XMLConfigurator: ObjectProviders load complete
[INFO] org.opensaml.xml.XMLConfigurator: Preparing to load ValidatorSuites
[INFO] org.opensaml.xml.XMLConfigurator: ValidatorSuites load complete
[INFO] org.opensaml.xml.XMLConfigurator: Preparing to load ObjectProviders
[INFO] org.opensaml.xml.XMLConfigurator: ObjectProviders load complete
[INFO] org.opensaml.xml.XMLConfigurator: Preparing to load ObjectProviders
[INFO] org.opensaml.xml.XMLConfigurator: ObjectProviders load complete
[INFO] org.opensaml.xml.XMLConfigurator: Preparing to load ValidatorSuites
[INFO] org.opensaml.xml.XMLConfigurator: ValidatorSuites load complete
[INFO] org.opensaml.xml.XMLConfigurator: Preparing to load ObjectProviders
[INFO] org.opensaml.xml.XMLConfigurator: ObjectProviders load complete
[INFO] org.opensaml.xml.XMLConfigurator: Preparing to load ObjectProviders
[INFO] org.opensaml.xml.XMLConfigurator: ObjectProviders load complete
[INFO] org.opensaml.xml.XMLConfigurator: Preparing to load ValidatorSuites
[INFO] org.opensaml.xml.XMLConfigurator: ValidatorSuites load complete
[INFO] org.opensaml.xml.XMLConfigurator: Preparing to load ObjectProviders
[INFO] org.opensaml.xml.XMLConfigurator: ObjectProviders load complete
[INFO] org.opensaml.xml.XMLConfigurator: Preparing to load ObjectProviders
[INFO] org.opensaml.xml.XMLConfigurator: ObjectProviders load complete
[INFO] org.opensaml.xml.XMLConfigurator: Preparing to load ObjectProviders
[INFO] org.opensaml.xml.XMLConfigurator: ObjectProviders load complete
[INFO] org.opensaml.xml.XMLConfigurator: Preparing to load ObjectProviders
[INFO] org.opensaml.xml.XMLConfigurator: ObjectProviders load complete
[INFO] org.opensaml.xml.XMLConfigurator: Preparing to load ObjectProviders
[INFO] org.opensaml.xml.XMLConfigurator: ObjectProviders load complete
[INFO] org.opensaml.xml.XMLConfigurator: Preparing to load ObjectProviders
[INFO] org.opensaml.xml.XMLConfigurator: ObjectProviders load complete
[INFO] org.opensaml.xml.XMLConfigurator: Preparing to load ObjectProviders
[INFO] org.opensaml.xml.XMLConfigurator: ObjectProviders load complete
[INFO] org.opensaml.xml.XMLConfigurator: Preparing to load ObjectProviders
[INFO] org.opensaml.xml.XMLConfigurator: ObjectProviders load complete
[INFO] esg.saml.common.SAMLBuilder: SAML libraries initialized correctly
[DEBUG] esg.saml.authz.service.impl.SAMLAuthorizationStatementHandlerImplTest: <?xml version="1.0" encoding="UTF-8"?><saml:Assertion xmlns:saml="urn:oasis:names:tc:SAML:2.0:assertion" Version="2.0">
   <saml:Issuer Format="urn:oasis:names:tc:SAML:1.1:nameid-format:x509SubjectName">Test SAML Issuer</saml:Issuer>
   <saml:Subject>
      <saml:NameID Format="urn:esg:openid">Test Openid</saml:NameID>
   </saml:Subject>
   <saml:AuthzDecisionStatement Decision="Permit" Resource="/PATH/TO/FILE">
      <saml:Action>Read</saml:Action>
   </saml:AuthzDecisionStatement>
</saml:Assertion>

]]></system-out>

      <system-err><![CDATA[]]></system-err>

  </testsuite>
</testsuites>
